Phishing Websites


=== Task 1 Results ===
k    Custom KNN  Weighted KNN  Sklearn KNN Time (s)  
-------------------------------------------------------
3    0.9474     0.9579     0.9474     0.7543
5    0.9407     0.9572     0.9407     0.6213
7    0.9379     0.9576     0.9379     0.5926


=== Task 2 Results ===
k    Metric      Weights   Accuracy  Precision Recall    F1 Score  Time (s)  
--------------------------------------------------------------------------------
3    euclidean   uniform   0.9442     0.9441     0.9437     0.9439     0.8800
3    euclidean   distance  0.9575     0.9575     0.9571     0.9573     0.2762
3    manhattan   uniform   0.9535     0.9538     0.9527     0.9532     1.3521
3    manhattan   distance  0.9651     0.9653     0.9645     0.9648     1.4130
7    euclidean   uniform   0.9367     0.9365     0.9362     0.9364     0.9855
7    euclidean   distance  0.9578     0.9579     0.9573     0.9576     0.3205
7    manhattan   uniform   0.9461     0.9465     0.9452     0.9458     1.2468
7    manhattan   distance  0.9649     0.9651     0.9644     0.9647     1.2339


=== Task 3 Results ===
GaussianNB Performance:
Average Accuracy: 0.7497
Minimum Accuracy: 0.7339
Maximum Accuracy: 0.7614
Precision: 0.7485
Recall: 0.7490
F1 Score: 0.7486
Execution Time: 0.0790 seconds

